2016-11-21 23:43:39,191926 Logger Test
2016-11-21 23:47:47,257402 src/main.cpp int main(int, char**) 25: Logger Test
2016-11-21 23:50:28,742907 [src/main.cpp] [int main(int, char**)] 25: \nLogger Test
2016-11-21 23:54:28,439869 [src/main.cpp] [int main(int, char**)] 25: %nLogger Test
2016-11-21 23:56:13,913998 [src/main.cpp] [int main(int, char**)] 25: %\nLogger Test
2016-11-21 23:58:00,171209 [src/main.cpp] [int main(int, char**)] 25: Logger Test
2016-11-22 00:04:02,175061 INFO  140183907178944 [src/main.cpp] [int main(int, char**)] 25: Logger Test
2016-11-22 00:11:35,636420 INFO  140380046100928 [src/main.cpp] [int main(int, char**)] 27: Logger Test
00:15:03.524 INFO : Logger Test
18:57:57.601 INFO : Logger Test
19:57:14.978 INFO : Logger Test
21:03:27.513 INFO : Logger Test
21:21:56.761 INFO : Logger Test
21:22:51.426 INFO : Logger Test
21:31:32.118 INFO : Logger Test
21:34:09.293 INFO : Logger Test
21:35:59.280 INFO : MTD invoked.
21:35:59.280 INFO : Logger Test
21:58:23.839 INFO : MTD invoked.
21:58:23.839 INFO : Logger Test
22:03:27.056 INFO : Logger Test
22:04:28.969 INFO : MTD invoked.
22:04:28.970 INFO : Logger Test
23:45:45.241 INFO : MTD invoked.
23:45:45.241 INFO : Logger Test
02:30:07.803 INFO : MTD invoked.
02:30:07.807 INFO : Logger Test
02:30:12.354 INFO : Executed [track] in [4.162 seconds]
02:32:01.329 INFO : MTD invoked.
02:32:01.329 INFO : Logger Test
02:32:01.563 INFO : Performance checkpoint for block [track] : [0 ms]
02:32:03.054 INFO : Executed [track] in [1.491 seconds]
02:33:22.496 INFO : MTD invoked.
02:33:22.496 INFO : Logger Test
02:33:22.603 INFO : Performance checkpoint for block [track] : [0 ms]
02:33:22.606 INFO : Performance checkpoint for block [track] : [2 ms ([0 ms] from last checkpoint)]
02:33:22.660 INFO : Executed [track] in [57 ms]
02:35:08.179 INFO : MTD invoked.
02:35:08.179 INFO : Logger Test
02:35:08.296 INFO : Performance checkpoint for block [track] : [0 ms]
02:35:08.301 INFO : Performance checkpoint for block [track] : [4 ms ([0 ms] from last checkpoint)]
02:35:08.301 INFO : Executed [track] in [4 ms]
02:39:11.498 INFO : MTD invoked.
02:39:11.498 INFO : Logger Test
02:39:34.936 INFO : MTD invoked.
02:39:34.936 INFO : Logger Test
02:46:13.231 INFO : MTD invoked.
02:46:13.231 INFO : Logger Test
02:46:16.870 INFO : MTD invoked.
02:46:16.870 INFO : Logger Test
02:47:01.653 INFO : MTD invoked.
02:47:01.653 INFO : Logger Test
02:47:08.063 INFO : MTD invoked.
02:47:08.063 INFO : Logger Test
02:47:52.415 INFO : MTD invoked.
02:47:52.415 INFO : Logger Test
02:47:52.560 INFO : Performance checkpoint for block [track] : [0 ms]
02:47:52.568 INFO : Performance checkpoint for block [track] : [7 ms ([3 ms] from last checkpoint)]
02:47:52.568 INFO : Executed [track] in [7 ms]
02:48:03.035 INFO : MTD invoked.
02:48:03.035 INFO : Logger Test
02:48:03.153 INFO : Performance checkpoint for block [track] : [0 ms]
02:48:03.162 INFO : Performance checkpoint for block [track] : [8 ms ([4 ms] from last checkpoint)]
02:48:03.162 INFO : Executed [track] in [8 ms]
02:48:05.437 INFO : MTD invoked.
02:48:05.437 INFO : Logger Test
02:48:05.556 INFO : Performance checkpoint for block [track] : [0 ms]
02:48:05.561 INFO : Performance checkpoint for block [track] : [5 ms ([0 ms] from last checkpoint)]
02:48:05.561 INFO : Executed [track] in [5 ms]
02:48:08.661 INFO : MTD invoked.
02:48:08.662 INFO : Logger Test
02:48:08.776 INFO : Performance checkpoint for block [track] : [0 ms]
02:48:08.781 INFO : Performance checkpoint for block [track] : [5 ms ([0 ms] from last checkpoint)]
02:48:08.781 INFO : Executed [track] in [5 ms]
02:48:10.577 INFO : MTD invoked.
02:48:10.578 INFO : Logger Test
02:48:10.699 INFO : Performance checkpoint for block [track] : [0 ms]
02:48:10.705 INFO : Performance checkpoint for block [track] : [5 ms ([0 ms] from last checkpoint)]
02:48:10.705 INFO : Executed [track] in [5 ms]
02:49:30.238 INFO : MTD invoked.
02:49:30.238 INFO : Logger Test
02:49:30.363 INFO : Performance checkpoint for block [track] : [0 ms]
02:49:30.368 INFO : Performance checkpoint for block [track] : [5 ms ([0 ms] from last checkpoint)]
02:49:30.368 INFO : Executed [track] in [5 ms]
02:49:33.868 INFO : MTD invoked.
02:49:33.868 INFO : Logger Test
02:49:33.982 INFO : Performance checkpoint for block [track] : [0 ms]
02:49:33.988 INFO : Performance checkpoint for block [track] : [5 ms ([0 ms] from last checkpoint)]
02:49:33.988 INFO : Executed [track] in [5 ms]
02:49:35.621 INFO : MTD invoked.
02:49:35.621 INFO : Logger Test
02:49:35.739 INFO : Performance checkpoint for block [track] : [0 ms]
02:49:35.744 INFO : Performance checkpoint for block [track] : [5 ms ([0 ms] from last checkpoint)]
02:49:35.744 INFO : Executed [track] in [5 ms]
02:50:07.331 INFO : MTD invoked.
02:50:07.331 INFO : Logger Test
02:50:07.472 INFO : Performance checkpoint for block [track] : [0 ms]
02:50:07.479 INFO : Performance checkpoint for block [track] : [6 ms ([0 ms] from last checkpoint)]
02:50:07.479 INFO : Executed [track] in [6 ms]
02:53:10.734 INFO : MTD invoked.
02:53:10.734 INFO : Logger Test
02:53:10.956 INFO : Performance checkpoint for block [track] : [0 ms]
02:53:11.058 INFO : Performance checkpoint for block [track] : [101 ms ([88 ms] from last checkpoint)]
02:53:11.066 INFO : Executed [track] in [109 ms]
02:53:13.661 INFO : MTD invoked.
02:53:13.661 INFO : Logger Test
02:53:13.873 INFO : Performance checkpoint for block [track] : [0 ms]
02:53:13.962 INFO : Performance checkpoint for block [track] : [88 ms ([84 ms] from last checkpoint)]
02:53:13.969 INFO : Executed [track] in [96 ms]
02:53:15.347 INFO : MTD invoked.
02:53:15.347 INFO : Logger Test
02:53:15.573 INFO : Performance checkpoint for block [track] : [0 ms]
02:53:15.664 INFO : Performance checkpoint for block [track] : [90 ms ([77 ms] from last checkpoint)]
02:53:15.670 INFO : Executed [track] in [96 ms]
02:53:17.634 INFO : MTD invoked.
02:53:17.634 INFO : Logger Test
02:53:17.848 INFO : Performance checkpoint for block [track] : [0 ms]
02:53:17.948 INFO : Performance checkpoint for block [track] : [100 ms ([93 ms] from last checkpoint)]
02:53:17.956 INFO : Executed [track] in [108 ms]
02:53:19.144 INFO : MTD invoked.
02:53:19.144 INFO : Logger Test
02:53:19.360 INFO : Performance checkpoint for block [track] : [0 ms]
02:53:19.477 INFO : Performance checkpoint for block [track] : [117 ms ([112 ms] from last checkpoint)]
02:53:19.483 INFO : Executed [track] in [123 ms]
02:53:20.507 INFO : MTD invoked.
02:53:20.508 INFO : Logger Test
02:53:20.723 INFO : Performance checkpoint for block [track] : [0 ms]
02:53:20.814 INFO : Performance checkpoint for block [track] : [91 ms ([77 ms] from last checkpoint)]
02:53:20.820 INFO : Executed [track] in [96 ms]
02:54:08.628 INFO : MTD invoked.
02:54:08.628 INFO : Logger Test
02:54:09.036 INFO : Performance checkpoint for block [track] : [0 ms]
02:54:09.603 INFO : Performance checkpoint for block [track] : [566 ms ([562 ms] from last checkpoint)]
02:54:09.631 INFO : Executed [track] in [594 ms]
02:54:23.095 INFO : MTD invoked.
02:54:23.095 INFO : Logger Test
02:54:23.524 INFO : Performance checkpoint for block [track] : [0 ms]
02:54:24.021 INFO : Performance checkpoint for block [track] : [497 ms ([494 ms] from last checkpoint)]
02:54:24.048 INFO : Executed [track] in [523 ms]
02:54:31.908 INFO : MTD invoked.
02:54:31.908 INFO : Logger Test
02:54:32.348 INFO : Performance checkpoint for block [track] : [0 ms]
02:54:32.870 INFO : Performance checkpoint for block [track] : [521 ms ([518 ms] from last checkpoint)]
02:54:32.897 INFO : Executed [track] in [549 ms]
03:03:09.737 INFO : MTD invoked.
03:03:09.738 INFO : Logger Test
03:03:10.179 INFO : Performance checkpoint for block [track] : [0 ms]
03:03:10.691 INFO : Performance checkpoint for block [track] : [511 ms ([506 ms] from last checkpoint)]
03:03:10.717 INFO : Executed [track] in [537 ms]
03:13:20.684 INFO : MTD invoked.
03:13:20.684 INFO : Logger Test
03:13:21.248 INFO : Performance checkpoint for block [track] : [0 ms]
03:13:21.802 INFO : Performance checkpoint for block [track] : [554 ms ([548 ms] from last checkpoint)]
03:13:21.836 INFO : Executed [track] in [588 ms]
03:13:26.014 INFO : MTD invoked.
03:13:26.015 INFO : Logger Test
03:13:26.513 INFO : Performance checkpoint for block [track] : [0 ms]
03:13:27.110 INFO : Performance checkpoint for block [track] : [596 ms ([592 ms] from last checkpoint)]
03:13:27.142 INFO : Executed [track] in [628 ms]
03:26:50.351 INFO : MTD invoked.
03:26:50.351 INFO : Logger Test
03:26:50.777 INFO : Performance checkpoint for block [track] : [0 ms]
03:26:51.299 INFO : Performance checkpoint for block [track] : [522 ms ([515 ms] from last checkpoint)]
03:26:51.329 INFO : Executed [track] in [551 ms]
03:45:51.064 INFO : MTD invoked.
03:45:51.064 INFO : Logger Test
03:45:51.666 INFO : Performance checkpoint for block [track] : [0 ms]
03:45:52.201 INFO : Performance checkpoint for block [track] : [540 ms ([533 ms] from last checkpoint)]
03:45:52.231 INFO : Executed [track] in [570 ms]
03:54:06.394 INFO : MTD invoked.
03:54:06.394 INFO : Logger Test
03:54:07.197 INFO : Performance checkpoint for block [track] : [0 ms]
03:54:08.923 INFO : Performance checkpoint for block [track] : [1.726 seconds ([1.722 seconds] from last checkpoint)]
03:54:08.954 INFO : Executed [track] in [1.757 seconds]
03:54:42.564 INFO : MTD invoked.
03:54:42.564 INFO : Logger Test
03:54:43.157 INFO : Performance checkpoint for block [track] : [0 ms]
03:54:48.960 INFO : Performance checkpoint for block [track] : [5.803 seconds ([5.796 seconds] from last checkpoint)]
03:54:48.987 INFO : Executed [track] in [5.829 seconds]
04:30:13.516 INFO : MTD invoked.
04:30:13.517 INFO : Logger Test
04:30:18.044 INFO : Performance checkpoint for block [track] : [0 ms]
04:30:24.409 INFO : Performance checkpoint for block [track] : [6.365 seconds ([6.36 seconds] from last checkpoint)]
04:30:24.413 INFO : Executed [track] in [6.369 seconds]
05:11:15.683 INFO : MTD invoked.
05:11:15.683 INFO : Logger Test
05:11:19.504 INFO : Performance checkpoint for block [track] : [0 ms]
05:11:25.296 INFO : Performance checkpoint for block [track] : [5.791 seconds ([5.786 seconds] from last checkpoint)]
05:11:25.299 INFO : Executed [track] in [5.795 seconds]
05:11:44.818 INFO : MTD invoked.
05:11:44.818 INFO : Logger Test
05:11:45.363 INFO : Performance checkpoint for block [track] : [0 ms]
05:11:51.145 INFO : Performance checkpoint for block [track] : [5.782 seconds ([5.781 seconds] from last checkpoint)]
05:11:51.146 INFO : Executed [track] in [5.783 seconds]
18:34:58.680 INFO : MTD invoked.
18:34:58.680 INFO : Logger Test
18:34:58.685 INFO : Run Method Started!
18:34:58.818 INFO : Performance checkpoint for block [track] : [0 ms]
18:34:58.897 INFO : Performance checkpoint for block [track] : [79 ms ([78 ms] from last checkpoint)]
18:34:58.897 INFO : Executed [track] in [79 ms]
18:35:44.147 INFO : MTD invoked.
18:35:44.147 INFO : Logger Test
18:35:44.148 INFO : Run Method Started!
18:35:44.297 INFO : Performance checkpoint for block [track] : [0 ms]
18:35:44.374 INFO : Performance checkpoint for block [track] : [76 ms ([76 ms] from last checkpoint)]
18:35:44.374 INFO : Executed [track] in [76 ms]
18:37:09.236 INFO : MTD invoked.
18:37:09.236 INFO : Logger Test
18:37:09.236 INFO : Run Method Started!
18:37:09.351 INFO : Performance checkpoint for block [track] : [0 ms]
18:37:09.428 INFO : Performance checkpoint for block [track] : [77 ms ([76 ms] from last checkpoint)]
18:37:21.462 INFO : Executed [track] in [12.111 seconds]
20:02:21.340 INFO : MTD invoked.
20:02:21.343 INFO : Logger Test
20:02:21.343 INFO : Run Method Started!
20:02:21.756 INFO : Performance checkpoint for block [track] : [0 ms]
20:02:21.834 INFO : Performance checkpoint for block [track] : [77 ms ([77 ms] from last checkpoint)]
20:02:21.834 INFO : Executed [track] in [77 ms]
20:04:14.467 INFO : MTD invoked.
20:04:14.473 INFO : Logger Test
20:04:14.474 INFO : Run Method Started!
20:04:14.896 INFO : Performance checkpoint for block [track] : [0 ms]
20:04:14.990 INFO : Performance checkpoint for block [track] : [93 ms ([93 ms] from last checkpoint)]
20:04:14.992 INFO : Executed [track] in [95 ms]
20:04:52.910 INFO : MTD invoked.
20:04:52.910 INFO : Logger Test
20:04:52.910 INFO : Run Method Started!
20:04:53.054 INFO : Performance checkpoint for block [track] : [0 ms]
20:04:53.206 INFO : Performance checkpoint for block [track] : [151 ms ([151 ms] from last checkpoint)]
20:05:04.192 INFO : Executed [track] in [11.137 seconds]
20:05:11.292 INFO : MTD invoked.
20:05:11.293 INFO : Logger Test
20:05:11.293 INFO : Run Method Started!
20:05:11.432 INFO : Performance checkpoint for block [track] : [0 ms]
20:05:11.511 INFO : Performance checkpoint for block [track] : [79 ms ([79 ms] from last checkpoint)]
20:05:17.384 INFO : Executed [track] in [5.951 seconds]
20:48:05.618 INFO : MTD invoked.
20:48:05.619 INFO : Run Method Started!
20:48:05.619 INFO : Test of Conf, val a.val1 = 3
20:48:05.619 INFO : Logger Test
20:48:05.752 INFO : Performance checkpoint for block [track] : [0 ms]
20:48:05.831 INFO : Performance checkpoint for block [track] : [79 ms ([79 ms] from last checkpoint)]
20:48:13.972 INFO : Executed [track] in [8.22 seconds]
20:51:21.672 INFO : MTD invoked.
20:51:21.672 INFO : Run Method Started!
20:51:21.672 INFO : Test of Conf, val a.val1 = 3
20:51:21.672 INFO : Logger Test
20:51:21.808 INFO : Performance checkpoint for block [track] : [0 ms]
20:51:21.940 INFO : Performance checkpoint for block [track] : [131 ms ([131 ms] from last checkpoint)]
20:51:23.708 INFO : Executed [track] in [1.9 seconds]
20:51:35.063 INFO : MTD invoked.
20:51:35.063 INFO : Run Method Started!
20:51:35.063 INFO : Test of Conf, val a.val1 = 3
20:51:35.063 INFO : Logger Test
20:51:35.186 INFO : Performance checkpoint for block [track] : [0 ms]
20:51:35.315 INFO : Performance checkpoint for block [track] : [128 ms ([128 ms] from last checkpoint)]
20:51:37.653 INFO : Executed [track] in [2.466 seconds]
00:37:58.322 INFO : MTD invoked.
00:37:58.322 INFO : Run Method Started!
00:37:58.323 INFO : Test of Conf, val a.val1 = 3
00:37:58.323 INFO : Logger Test
00:37:58.465 INFO : Performance checkpoint for block [track] : [0 ms]
00:37:58.555 INFO : Performance checkpoint for block [track] : [90 ms ([87 ms] from last checkpoint)]
00:38:00.896 INFO : Executed [track] in [2.43 seconds]
06:17:15.543 INFO : MTD invoked.
06:17:15.544 INFO : Run Method Started!
06:17:15.544 INFO : Test of Conf, val a.val1 = 3
06:17:15.544 INFO : Logger Test
06:17:15.927 INFO : Performance checkpoint for block [track] : [0 ms]
06:17:16.035 INFO : Performance checkpoint for block [track] : [108 ms ([108 ms] from last checkpoint)]
06:17:18.782 INFO : Executed [track] in [2.855 seconds]
06:22:56.645 INFO : MTD invoked.
06:22:56.645 INFO : Run Method Started!
06:22:56.645 INFO : Test of Conf, val a.val1 = 3
06:22:56.645 INFO : Logger Test
06:22:56.750 INFO : Performance checkpoint for block [track] : [0 ms]
06:22:56.830 INFO : Performance checkpoint for block [track] : [80 ms ([78 ms] from last checkpoint)]
06:22:58.497 INFO : Executed [track] in [1.747 seconds]
06:23:15.914 INFO : MTD invoked.
06:23:15.915 INFO : Run Method Started!
06:23:15.915 INFO : Test of Conf, val a.val1 = 3
06:23:15.915 INFO : Logger Test
06:23:16.067 INFO : Performance checkpoint for block [track] : [0 ms]
06:23:16.158 INFO : Performance checkpoint for block [track] : [91 ms ([91 ms] from last checkpoint)]
06:23:45.820 INFO : Executed [track] in [29.753 seconds]
06:25:32.707 INFO : MTD invoked.
06:25:32.707 INFO : Run Method Started!
06:25:32.708 INFO : Loading Ai.
06:25:32.708 INFO : Test of Conf, val a.val1 = 3
06:25:32.708 INFO : Logger Test
06:25:32.884 INFO : Performance checkpoint for block [track] : [0 ms]
06:25:33.030 INFO : Performance checkpoint for block [track] : [146 ms ([136 ms] from last checkpoint)]
06:25:38.010 INFO : Executed [track] in [5.125 seconds]
00:53:37.286 INFO : MTD invoked.
00:53:37.286 INFO : Run Method Started!
00:53:37.286 INFO : Loading Ai.
00:53:37.286 INFO : Test of Conf, val a.val1 = 3
00:53:37.286 INFO : Logger Test
00:53:37.438 INFO : Performance checkpoint for block [track] : [0 ms]
00:53:37.545 INFO : Performance checkpoint for block [track] : [106 ms ([101 ms] from last checkpoint)]
00:54:00.222 INFO : Executed [track] in [22.784 seconds]
